0 info it worked if it ends with ok
1 verbose cli [ 'node', '/usr/local/bin/npm', 'publish', './' ]
2 info using npm@2.11.0
3 info using node@v0.12.4
4 verbose publish [ './' ]
5 silly cache add args [ './', null ]
6 verbose cache add spec ./
7 silly cache add parsed spec { raw: './',
7 silly cache add   scope: null,
7 silly cache add   name: null,
7 silly cache add   rawSpec: './',
7 silly cache add   spec: '/home/dante/Documents/Programming/nodejs/zeroes',
7 silly cache add   type: 'directory' }
8 verbose addLocalDirectory /home/dante/.npm/zeroes/1.0.0/package.tgz not in flight; packing
9 verbose tar pack [ '/home/dante/.npm/zeroes/1.0.0/package.tgz',
9 verbose tar pack   '/home/dante/Documents/Programming/nodejs/zeroes' ]
10 verbose tarball /home/dante/.npm/zeroes/1.0.0/package.tgz
11 verbose folder /home/dante/Documents/Programming/nodejs/zeroes
12 info prepublish zeroes@1.0.0
13 verbose addLocalTarball adding from inside cache /home/dante/.npm/zeroes/1.0.0/package.tgz
14 silly cache afterAdd zeroes@1.0.0
15 verbose afterAdd /home/dante/.npm/zeroes/1.0.0/package/package.json not in flight; writing
16 verbose afterAdd /home/dante/.npm/zeroes/1.0.0/package/package.json written
17 silly publish { name: 'zeroes',
17 silly publish   version: '1.0.0',
17 silly publish   description: 'A tool to create an array filled with 0\'s',
17 silly publish   main: 'index.js',
17 silly publish   scripts: { test: 'node_modules/istanbul/lib/cli.js cover node_modules/mocha/bin/_mocha' },
17 silly publish   repository:
17 silly publish    { type: 'git',
17 silly publish      url: 'git+https://github.com/joeyism/node-zeroes.git' },
17 silly publish   keywords: [ 'zeroes', '0', 'zero', 'zeros', 'array', 'dimension', 'size' ],
17 silly publish   author:
17 silly publish    { name: 'Joey Sham',
17 silly publish      email: 'sham.joey@gmail.com',
17 silly publish      url: 'http://www.joeyism.com' },
17 silly publish   license: 'ISC',
17 silly publish   bugs: { url: 'https://github.com/joeyism/node-zeroes/issues' },
17 silly publish   homepage: 'https://github.com/joeyism/node-zeroes#readme',
17 silly publish   dependencies: {},
17 silly publish   devDependencies:
17 silly publish    { chai: '^3.3.0',
17 silly publish      istanbul: '^0.3.20',
17 silly publish      mocha: '^2.3.3',
17 silly publish      mockery: '^1.4.0' },
17 silly publish   readme: '# zeroes\nA simple tool to create an array with only 0\'s\n\n## Installation\nTo install, run\n\n    $ npm install --save zeroes\n\n## Usage\nTo use, require it first by\n\n    var zeroes = require("zeroes");\n\nThen input the array length that you want\n\n    zeroes() // []\n    zeroes(0) // []\n    zeroes(1) // [1]\n    zeroes(5) // [1, 1, 1, 1, 1]\n\n## Versions\n**1.0.0**\nFirst version\n',
17 silly publish   readmeFilename: 'README.md',
17 silly publish   gitHead: '393065f3741ac8957c2f7e9706617828f683df80',
17 silly publish   _id: 'zeroes@1.0.0',
17 silly publish   _shasum: '6bdd52d987070a75c4a748b5d825c5bbc0d8c3fa',
17 silly publish   _from: '.' }
18 verbose getPublishConfig undefined
19 silly mapToRegistry name zeroes
20 silly mapToRegistry using default registry
21 silly mapToRegistry registry https://registry.npmjs.org/
22 silly mapToRegistry uri https://registry.npmjs.org/zeroes
23 verbose publish registryBase https://registry.npmjs.org/
24 silly publish uploading /home/dante/.npm/zeroes/1.0.0/package.tgz
25 verbose request uri https://registry.npmjs.org/zeroes
26 verbose request sending authorization for write operation
27 info attempt registry request try #1 at 21:40:56
28 verbose request using bearer token for auth
29 verbose request id 7d712235624fe51b
30 http request PUT https://registry.npmjs.org/zeroes
31 http 403 https://registry.npmjs.org/zeroes
32 verbose headers { 'content-type': 'application/json',
32 verbose headers   'cache-control': 'max-age=60',
32 verbose headers   'content-length': '98',
32 verbose headers   'accept-ranges': 'bytes',
32 verbose headers   date: 'Wed, 23 Sep 2015 01:40:57 GMT',
32 verbose headers   via: '1.1 varnish',
32 verbose headers   connection: 'keep-alive',
32 verbose headers   'x-served-by': 'cache-ord1730-ORD',
32 verbose headers   'x-cache': 'MISS',
32 verbose headers   'x-cache-hits': '0',
32 verbose headers   'x-timer': 'S1442972457.082705,VS0,VE435' }
33 verbose request invalidating /home/dante/.npm/registry.npmjs.org/zeroes on PUT
34 error publish Failed PUT 403
35 verbose stack Error: You do not have permission to publish 'zeroes'. Are you logged in as the correct user? : zeroes
35 verbose stack     at CachingRegistryClient.<anonymous> (/usr/local/lib/node_modules/npm/node_modules/npm-registry-client/lib/request.js:247:14)
35 verbose stack     at Request._callback (/usr/local/lib/node_modules/npm/node_modules/npm-registry-client/lib/request.js:170:14)
35 verbose stack     at Request.self.callback (/usr/local/lib/node_modules/npm/node_modules/request/request.js:368:22)
35 verbose stack     at Request.emit (events.js:110:17)
35 verbose stack     at Request.<anonymous> (/usr/local/lib/node_modules/npm/node_modules/request/request.js:1219:14)
35 verbose stack     at Request.emit (events.js:129:20)
35 verbose stack     at IncomingMessage.<anonymous> (/usr/local/lib/node_modules/npm/node_modules/request/request.js:1167:12)
35 verbose stack     at IncomingMessage.emit (events.js:129:20)
35 verbose stack     at _stream_readable.js:908:16
35 verbose stack     at process._tickCallback (node.js:355:11)
36 verbose statusCode 403
37 verbose pkgid zeroes
38 verbose cwd /home/dante/Documents/Programming/nodejs/zeroes
39 error Linux 3.13.0-37-generic
40 error argv "node" "/usr/local/bin/npm" "publish" "./"
41 error node v0.12.4
42 error npm  v2.11.0
43 error code E403
44 error You do not have permission to publish 'zeroes'. Are you logged in as the correct user? : zeroes
45 error If you need help, you may report this error at:
45 error     <https://github.com/npm/npm/issues>
46 verbose exit [ 1, true ]
